
==================== Starting Pipeline Iteration 0/10 ====================
--- Self-Play Stage (Model 0 -> Data 0) ---
=== Multi-process Self-Play Start ===
Workers: 8 | Total Episodes: 200 | MCTS Iters: 2000
----------------------------------------------------------------------
[Episode  29] Finished | Winner: White (2) | Moves:  14 | Time: 155.8s
[Episode   1] Finished | Winner: White (2) | Moves:  26 | Time: 217.8s
[Episode  50] Finished | Winner: Black (1) | Moves:  21 | Time: 226.6s
[Episode  43] Finished | Winner: White (2) | Moves:  24 | Time: 249.1s
[Episode  22] Finished | Winner: Black (1) | Moves:  41 | Time: 251.2s
[Episode   8] Finished | Winner: Black (1) | Moves:  33 | Time: 302.8s
[Episode  36] Finished | Winner: Black (1) | Moves:  47 | Time: 320.7s
[Episode   2] Finished | Winner: White (2) | Moves:  18 | Time: 150.7s
[Episode  15] Finished | Winner: Black (1) | Moves:  43 | Time: 376.1s
[Episode  30] Finished | Winner: White (2) | Moves:  24 | Time: 231.1s
[Episode   9] Finished | Winner: White (2) | Moves:  22 | Time: 207.1s
[Episode  23] Finished | Winner: White (2) | Moves:  30 | Time: 260.6s
[Episode  51] Finished | Winner: Black (1) | Moves:  33 | Time: 311.8s
[Episode  44] Finished | Winner: White (2) | Moves:  38 | Time: 297.3s
[Episode  16] Finished | Winner: Black (1) | Moves:  21 | Time: 174.7s
[Episode   3] Finished | Winner: Black (1) | Moves:  27 | Time: 225.4s
[Episode  37] Finished | Winner: White (2) | Moves:  46 | Time: 368.1s
[Episode  24] Finished | Winner: White (2) | Moves:  28 | Time: 217.3s
[Episode  31] Finished | Winner: White (2) | Moves:  44 | Time: 370.7s
[Episode  10] Finished | Winner: White (2) | Moves:  36 | Time: 302.9s
[Episode  52] Finished | Winner: Black (1) | Moves:  31 | Time: 289.8s
[Episode  45] Finished | Winner: White (2) | Moves:  40 | Time: 292.0s
[Episode  17] Finished | Winner: Black (1) | Moves:  31 | Time: 294.3s
[Episode  38] Finished | Winner: Black (1) | Moves:  23 | Time: 223.4s
[Episode   4] Finished | Winner: Draw      | Moves:  64 | Time: 352.3s
[Episode  25] Finished | Winner: White (2) | Moves:  26 | Time: 227.4s
[Episode  32] Finished | Winner: Black (1) | Moves:  31 | Time: 266.2s
[Episode  46] Finished | Winner: Black (1) | Moves:  27 | Time: 246.3s
[Episode  11] Finished | Winner: Black (1) | Moves:  37 | Time: 278.6s
[Episode  53] Finished | Winner: Black (1) | Moves:  33 | Time: 300.2s
[Episode  18] Finished | Winner: Black (1) | Moves:  47 | Time: 303.3s
[Episode   5] Finished | Winner: Black (1) | Moves:  23 | Time: 210.3s
[Episode  39] Finished | Winner: Black (1) | Moves:  39 | Time: 303.0s
[Episode  33] Finished | Winner: White (2) | Moves:  32 | Time: 242.0s
[Episode  26] Finished | Winner: Black (1) | Moves:  49 | Time: 327.9s
[Episode  12] Finished | Winner: White (2) | Moves:  22 | Time: 213.7s
[Episode  54] Finished | Winner: Black (1) | Moves:  29 | Time: 276.6s
[Episode  47] Finished | Winner: White (2) | Moves:  44 | Time: 332.5s
[Episode  19] Finished | Winner: Black (1) | Moves:  33 | Time: 304.6s
[Episode   6] Finished | Winner: White (2) | Moves:  42 | Time: 333.5s
[Episode  27] Finished | Winner: Black (1) | Moves:  25 | Time: 219.5s
[Episode  40] Finished | Winner: White (2) | Moves:  42 | Time: 303.7s
[Episode  13] Finished | Winner: Black (1) | Moves:  23 | Time: 214.6s
[Episode  34] Finished | Winner: Black (1) | Moves:  33 | Time: 309.0s
[Episode  55] Finished | Winner: White (2) | Moves:  20 | Time: 181.0s
[Episode  48] Finished | Winner: Black (1) | Moves:  17 | Time: 187.3s
[Episode  20] Finished | Winner: White (2) | Moves:  32 | Time: 288.2s
[Episode   7] Finished | Winner: Black (1) | Moves:  29 | Time: 263.8s
[Episode  28] Finished | Winner: Black (1) | Moves:  29 | Time: 278.5s
[Episode  14] Finished | Winner: White (2) | Moves:  40 | Time: 321.9s
[Episode  41] Finished | Winner: Black (1) | Moves:  33 | Time: 327.6s
[Episode  56] Finished | Winner: Black (1) | Moves:  43 | Time: 332.0s
[Episode  35] Finished | Winner: White (2) | Moves:  44 | Time: 352.3s
[Episode  49] Finished | Winner: White (2) | Moves:  52 | Time: 362.0s
[Episode  21] Finished | Winner: White (2) | Moves:  32 | Time: 254.1s
[Episode  71] Finished | Winner: Black (1) | Moves:  23 | Time: 216.2s
[Episode  64] Finished | Winner: Black (1) | Moves:  43 | Time: 309.7s
[Episode  57] Finished | Winner: Black (1) | Moves:  61 | Time: 345.1s
[Episode  42] Finished | Winner: Black (1) | Moves:  31 | Time: 296.4s
[Episode  78] Finished | Winner: White (2) | Moves:  34 | Time: 320.2s
[Episode  92] Finished | Winner: Black (1) | Moves:  29 | Time: 297.0s
[Episode  72] Finished | Winner: White (2) | Moves:  26 | Time: 221.5s
[Episode  85] Finished | Winner: Black (1) | Moves:  39 | Time: 358.3s
[Episode  65] Finished | Winner: Black (1) | Moves:  19 | Time: 204.7s
[Episode  99] Finished | Winner: Draw      | Moves:  64 | Time: 367.6s
[Episode  58] Finished | Winner: Black (1) | Moves:  41 | Time: 302.0s
[Episode 106] Finished | Winner: Black (1) | Moves:  31 | Time: 270.8s
[Episode  93] Finished | Winner: Black (1) | Moves:  31 | Time: 213.5s
[Episode  79] Finished | Winner: Black (1) | Moves:  31 | Time: 291.4s
[Episode  73] Finished | Winner: White (2) | Moves:  58 | Time: 279.0s
[Episode  66] Finished | Winner: White (2) | Moves:  34 | Time: 304.8s
[Episode  86] Finished | Winner: White (2) | Moves:  38 | Time: 317.9s
[Episode  59] Finished | Winner: Black (1) | Moves:  27 | Time: 207.6s
[Episode 100] Finished | Winner: Black (1) | Moves:  29 | Time: 298.4s
[Episode  80] Finished | Winner: Black (1) | Moves:  13 | Time: 135.1s
[Episode  94] Finished | Winner: White (2) | Moves:  26 | Time: 223.6s
[Episode 107] Finished | Winner: White (2) | Moves:  48 | Time: 301.9s
[Episode  74] Finished | Winner: White (2) | Moves:  28 | Time: 214.2s
[Episode  67] Finished | Winner: White (2) | Moves:  20 | Time: 209.3s
[Episode  95] Finished | Winner: Black (1) | Moves:  15 | Time: 144.9s
[Episode  81] Finished | Winner: White (2) | Moves:  26 | Time: 249.2s
[Episode  87] Finished | Winner: White (2) | Moves:  40 | Time: 312.2s
[Episode  60] Finished | Winner: Black (1) | Moves:  37 | Time: 321.2s
[Episode 101] Finished | Winner: Black (1) | Moves:  47 | Time: 318.1s
[Episode  75] Finished | Winner: White (2) | Moves:  24 | Time: 213.7s
[Episode 108] Finished | Winner: White (2) | Moves:  38 | Time: 348.2s
[Episode  96] Finished | Winner: White (2) | Moves:  24 | Time: 225.0s
[Episode  68] Finished | Winner: Black (1) | Moves:  41 | Time: 297.9s
[Episode  61] Finished | Winner: Black (1) | Moves:  31 | Time: 240.6s
[Episode 102] Finished | Winner: Black (1) | Moves:  31 | Time: 272.5s
[Episode  76] Finished | Winner: White (2) | Moves:  50 | Time: 286.6s
[Episode  97] Finished | Winner: Black (1) | Moves:  25 | Time: 225.4s
[Episode  88] Finished | Winner: Black (1) | Moves:  59 | Time: 384.2s
[Episode  82] Finished | Winner: White (2) | Moves:  56 | Time: 392.2s
[Episode  69] Finished | Winner: White (2) | Moves:  28 | Time: 248.9s
[Episode 109] Finished | Winner: White (2) | Moves:  44 | Time: 308.6s
[Episode  62] Finished | Winner: White (2) | Moves:  32 | Time: 269.4s
[Episode 103] Finished | Winner: White (2) | Moves:  20 | Time: 211.9s
[Episode  77] Finished | Winner: Black (1) | Moves:  25 | Time: 212.1s
[Episode  89] Finished | Winner: Black (1) | Moves:  23 | Time: 237.5s
[Episode  98] Finished | Winner: White (2) | Moves:  32 | Time: 295.0s
[Episode  83] Finished | Winner: White (2) | Moves:  44 | Time: 309.3s
[Episode 110] Finished | Winner: White (2) | Moves:  42 | Time: 324.0s
[Episode 113] Finished | Winner: White (2) | Moves:  24 | Time: 216.1s
[Episode  70] Finished | Winner: Black (1) | Moves:  51 | Time: 348.0s
[Episode  63] Finished | Winner: White (2) | Moves:  34 | Time: 283.3s
[Episode 104] Finished | Winner: White (2) | Moves:  38 | Time: 300.3s
[Episode  90] Finished | Winner: Black (1) | Moves:  35 | Time: 293.9s
[Episode 120] Finished | Winner: Black (1) | Moves:  29 | Time: 266.7s
[Episode  84] Finished | Winner: Black (1) | Moves:  29 | Time: 285.2s
[Episode 105] Finished | Winner: White (2) | Moves:  20 | Time: 220.2s
[Episode 111] Finished | Winner: White (2) | Moves:  32 | Time: 296.3s
[Episode 114] Finished | Winner: White (2) | Moves:  38 | Time: 302.4s
[Episode 127] Finished | Winner: Black (1) | Moves:  37 | Time: 309.1s
[Episode 134] Finished | Winner: White (2) | Moves:  48 | Time: 323.3s
[Episode  91] Finished | Winner: White (2) | Moves:  22 | Time: 217.8s
[Episode 121] Finished | Winner: Black (1) | Moves:  27 | Time: 263.5s
[Episode 141] Finished | Winner: Black (1) | Moves:  27 | Time: 261.7s
[Episode 148] Finished | Winner: White (2) | Moves:  22 | Time: 197.9s
[Episode 112] Finished | Winner: White (2) | Moves:  30 | Time: 260.5s
[Episode 135] Finished | Winner: Black (1) | Moves:  41 | Time: 289.9s
[Episode 122] Finished | Winner: Black (1) | Moves:  21 | Time: 216.7s
[Episode 115] Finished | Winner: White (2) | Moves:  58 | Time: 348.9s
[Episode 128] Finished | Winner: White (2) | Moves:  52 | Time: 338.2s
[Episode 142] Finished | Winner: White (2) | Moves:  22 | Time: 191.6s
[Episode 155] Finished | Winner: Black (1) | Moves:  49 | Time: 338.4s
[Episode 149] Finished | Winner: Black (1) | Moves:  37 | Time: 309.2s
[Episode 162] Finished | Winner: Black (1) | Moves:  31 | Time: 302.8s
[Episode 129] Finished | Winner: White (2) | Moves:  28 | Time: 254.3s
[Episode 116] Finished | Winner: White (2) | Moves:  34 | Time: 284.7s
[Episode 136] Finished | Winner: White (2) | Moves:  36 | Time: 325.4s
[Episode 123] Finished | Winner: Black (1) | Moves:  39 | Time: 345.6s
[Episode 150] Finished | Winner: Black (1) | Moves:  21 | Time: 221.6s
[Episode 143] Finished | Winner: Black (1) | Moves:  47 | Time: 362.4s
[Episode 156] Finished | Winner: Black (1) | Moves:  39 | Time: 364.3s
[Episode 163] Finished | Winner: Black (1) | Moves:  25 | Time: 240.9s
[Episode 117] Finished | Winner: Black (1) | Moves:  17 | Time: 164.6s
[Episode 130] Finished | Winner: Black (1) | Moves:  31 | Time: 250.1s
[Episode 137] Finished | Winner: Black (1) | Moves:  39 | Time: 324.9s
[Episode 151] Finished | Winner: Black (1) | Moves:  27 | Time: 286.8s
[Episode 124] Finished | Winner: Black (1) | Moves:  41 | Time: 336.0s
[Episode 157] Finished | Winner: White (2) | Moves:  34 | Time: 272.8s
[Episode 131] Finished | Winner: White (2) | Moves:  18 | Time: 186.4s
[Episode 164] Finished | Winner: White (2) | Moves:  32 | Time: 262.9s
[Episode 144] Finished | Winner: Black (1) | Moves:  41 | Time: 344.9s
[Episode 118] Finished | Winner: Black (1) | Moves:  35 | Time: 290.9s
[Episode 152] Finished | Winner: Black (1) | Moves:  23 | Time: 231.4s
[Episode 158] Finished | Winner: White (2) | Moves:  24 | Time: 245.1s
[Episode 165] Finished | Winner: White (2) | Moves:  22 | Time: 236.1s
[Episode 132] Finished | Winner: Black (1) | Moves:  39 | Time: 279.0s
[Episode 138] Finished | Winner: Black (1) | Moves:  49 | Time: 352.0s
[Episode 125] Finished | Winner: White (2) | Moves:  52 | Time: 364.9s
[Episode 119] Finished | Winner: White (2) | Moves:  40 | Time: 305.9s
[Episode 145] Finished | Winner: Black (1) | Moves:  55 | Time: 351.8s
[Episode 159] Finished | Winner: Black (1) | Moves:  27 | Time: 214.5s
[Episode 166] Finished | Winner: White (2) | Moves:  20 | Time: 200.5s
[Episode 153] Finished | Winner: Black (1) | Moves:  35 | Time: 309.4s
[Episode 133] Finished | Winner: White (2) | Moves:  28 | Time: 254.4s
[Episode 126] Finished | Winner: Black (1) | Moves:  29 | Time: 266.5s
[Episode 169] Finished | Winner: Black (1) | Moves:  35 | Time: 289.9s
[Episode 139] Finished | Winner: Black (1) | Moves:  47 | Time: 354.4s
[Episode 154] Finished | Winner: Black (1) | Moves:  17 | Time: 161.9s
[Episode 176] Finished | Winner: Black (1) | Moves:  15 | Time: 156.7s
[Episode 146] Finished | Winner: White (2) | Moves:  46 | Time: 348.4s
[Episode 160] Finished | Winner: White (2) | Moves:  46 | Time: 328.6s
[Episode 183] Finished | Winner: Black (1) | Moves:  17 | Time: 166.4s
[Episode 167] Finished | Winner: White (2) | Moves:  42 | Time: 321.2s
[Episode 170] Finished | Winner: Black (1) | Moves:  19 | Time: 176.3s
[Episode 177] Finished | Winner: White (2) | Moves:  22 | Time: 218.3s
[Episode 140] Finished | Winner: Black (1) | Moves:  31 | Time: 282.8s
[Episode 184] Finished | Winner: White (2) | Moves:  26 | Time: 222.8s
[Episode 147] Finished | Winner: Black (1) | Moves:  31 | Time: 282.0s
[Episode 190] Finished | Winner: White (2) | Moves:  46 | Time: 350.0s
[Episode 171] Finished | Winner: Black (1) | Moves:  41 | Time: 253.6s
[Episode 168] Finished | Winner: White (2) | Moves:  50 | Time: 302.3s
[Episode 161] Finished | Winner: White (2) | Moves:  36 | Time: 320.3s
[Episode 178] Finished | Winner: Black (1) | Moves:  23 | Time: 183.0s
[Episode 185] Finished | Winner: White (2) | Moves:  22 | Time: 191.9s
[Episode 197] Finished | Winner: Black (1) | Moves:  37 | Time: 263.3s
[Episode 179] Finished | Winner: White (2) | Moves:  24 | Time: 220.9s
[Episode 191] Finished | Winner: Black (1) | Moves:  37 | Time: 312.9s
[Episode 172] Finished | Winner: White (2) | Moves:  46 | Time: 297.0s
[Episode 198] Finished | Winner: Black (1) | Moves:  25 | Time: 219.6s
[Episode 186] Finished | Winner: White (2) | Moves:  62 | Time: 278.7s
[Episode 180] Finished | Winner: Black (1) | Moves:  25 | Time: 196.9s
[Episode 173] Finished | Winner: Black (1) | Moves:  21 | Time: 176.1s
[Episode 192] Finished | Winner: Black (1) | Moves:  47 | Time: 339.3s
[Episode 181] Finished | Winner: White (2) | Moves:  22 | Time: 213.7s
[Episode 199] Finished | Winner: White (2) | Moves:  48 | Time: 322.8s
[Episode 187] Finished | Winner: Black (1) | Moves:  53 | Time: 305.9s
[Episode 174] Finished | Winner: Black (1) | Moves:  29 | Time: 253.6s
[Episode 193] Finished | Winner: White (2) | Moves:  24 | Time: 190.1s
[Episode 200] Finished | Winner: White (2) | Moves:  28 | Time: 203.6s
[Episode 182] Finished | Winner: White (2) | Moves:  34 | Time: 266.8s
[Episode 175] Finished | Winner: White (2) | Moves:  32 | Time: 260.4s
[Episode 188] Finished | Winner: White (2) | Moves:  58 | Time: 300.8s
[Episode 194] Finished | Winner: White (2) | Moves:  42 | Time: 299.7s
[Episode 189] Finished | Winner: White (2) | Moves:  36 | Time: 238.6s
[Episode 195] Finished | Winner: Black (1) | Moves:  25 | Time: 185.4s
[Episode 196] Finished | Winner: Black (1) | Moves:  51 | Time: 264.6s
----------------------------------------------------------------------
Complete! | Black Wins: 104 | White Wins: 94 | Draws: 2
--- Training Stage (Data 0 -> Model 1) ---
Loaded 6770 training samples.
Train: 6093, Val: 677
Using device: cuda
Resuming from existing checkpoint.
Epoch 1/200 | Step 48 | Val P-Loss: 1.4517 | LR: 0.001000
Epoch 10/200 | Step 480 | Val P-Loss: 1.3453 | LR: 0.000994
Epoch 20/200 | Step 960 | Val P-Loss: 1.3362 | LR: 0.000976
Epoch 30/200 | Step 1440 | Val P-Loss: 1.4219 | LR: 0.000946
Epoch 40/200 | Step 1920 | Val P-Loss: 1.4220 | LR: 0.000905
Epoch 50/200 | Step 2400 | Val P-Loss: 1.4089 | LR: 0.000855
Epoch 60/200 | Step 2880 | Val P-Loss: 1.4346 | LR: 0.000796
Epoch 70/200 | Step 3360 | Val P-Loss: 1.4253 | LR: 0.000730
Epoch 80/200 | Step 3840 | Val P-Loss: 1.4708 | LR: 0.000658
Epoch 90/200 | Step 4320 | Val P-Loss: 1.4525 | LR: 0.000582
Epoch 100/200 | Step 4800 | Val P-Loss: 1.4910 | LR: 0.000505
Epoch 110/200 | Step 5280 | Val P-Loss: 1.5270 | LR: 0.000428
Epoch 120/200 | Step 5760 | Val P-Loss: 1.5003 | LR: 0.000352
Epoch 130/200 | Step 6240 | Val P-Loss: 1.5382 | LR: 0.000280
Epoch 140/200 | Step 6720 | Val P-Loss: 1.5517 | LR: 0.000214
Epoch 150/200 | Step 7200 | Val P-Loss: 1.5577 | LR: 0.000155
Epoch 160/200 | Step 7680 | Val P-Loss: 1.5693 | LR: 0.000105
Epoch 170/200 | Step 8160 | Val P-Loss: 1.5618 | LR: 0.000064
Epoch 180/200 | Step 8640 | Val P-Loss: 1.5775 | LR: 0.000034
Epoch 190/200 | Step 9120 | Val P-Loss: 1.5740 | LR: 0.000016
Epoch 200/200 | Step 9600 | Val P-Loss: 1.5684 | LR: 0.000010
Model saved to checkpoint/gomoku_policy_value_net_1.pth
--- Evaluation Stage (Model 1) ---

==================== Starting Pipeline Iteration 1/10 ====================
--- Self-Play Stage (Model 1 -> Data 1) ---
=== Multi-process Self-Play Start ===
Workers: 8 | Total Episodes: 190 | MCTS Iters: 1900
----------------------------------------------------------------------
[Episode   1] Finished | Winner: White (2) | Moves:  12 | Time:  95.6s
[Episode  43] Finished | Winner: Black (1) | Moves:  27 | Time: 196.2s
[Episode  13] Finished | Winner: Black (1) | Moves:  23 | Time: 215.0s
[Episode  25] Finished | Winner: White (2) | Moves:  26 | Time: 226.5s
[Episode  37] Finished | Winner: White (2) | Moves:  44 | Time: 242.8s
[Episode   7] Finished | Winner: Black (1) | Moves:  33 | Time: 266.1s
[Episode  31] Finished | Winner: Black (1) | Moves:  35 | Time: 281.7s
[Episode   2] Finished | Winner: White (2) | Moves:  28 | Time: 205.6s
[Episode  19] Finished | Winner: White (2) | Moves:  38 | Time: 336.4s
[Episode  26] Finished | Winner: White (2) | Moves:  28 | Time: 182.1s
[Episode  38] Finished | Winner: Black (1) | Moves:  25 | Time: 196.8s
[Episode  44] Finished | Winner: Black (1) | Moves:  35 | Time: 260.4s
[Episode  14] Finished | Winner: White (2) | Moves:  32 | Time: 244.2s
[Episode   8] Finished | Winner: White (2) | Moves:  36 | Time: 200.5s
[Episode   3] Finished | Winner: White (2) | Moves:  24 | Time: 212.4s
[Episode  20] Finished | Winner: White (2) | Moves:  20 | Time: 179.3s
[Episode  32] Finished | Winner: Black (1) | Moves:  29 | Time: 289.4s
[Episode  27] Finished | Winner: Black (1) | Moves:  41 | Time: 188.1s
[Episode  39] Finished | Winner: White (2) | Moves:  30 | Time: 226.7s
[Episode   9] Finished | Winner: White (2) | Moves:  28 | Time: 226.2s
[Episode  45] Finished | Winner: Black (1) | Moves:  45 | Time: 285.5s
[Episode   4] Finished | Winner: Black (1) | Moves:  35 | Time: 240.9s
[Episode  21] Finished | Winner: Black (1) | Moves:  37 | Time: 240.0s
[Episode  15] Finished | Winner: White (2) | Moves:  46 | Time: 328.9s
[Episode  28] Finished | Winner: Black (1) | Moves:  31 | Time: 227.8s
[Episode   5] Finished | Winner: White (2) | Moves:  12 | Time: 111.4s
[Episode  33] Finished | Winner: White (2) | Moves:  40 | Time: 343.0s
[Episode  40] Finished | Winner: White (2) | Moves:  32 | Time: 261.8s
[Episode  22] Finished | Winner: White (2) | Moves:  28 | Time: 197.5s
[Episode  16] Finished | Winner: Black (1) | Moves:  27 | Time: 208.8s
[Episode  10] Finished | Winner: White (2) | Moves:  34 | Time: 304.8s
[Episode   6] Finished | Winner: White (2) | Moves:  20 | Time: 171.3s
[Episode  46] Finished | Winner: White (2) | Moves:  40 | Time: 300.1s
[Episode  29] Finished | Winner: Black (1) | Moves:  33 | Time: 231.6s
[Episode  41] Finished | Winner: White (2) | Moves:  20 | Time: 175.7s
[Episode  34] Finished | Winner: Black (1) | Moves:  23 | Time: 210.2s
[Episode  11] Finished | Winner: White (2) | Moves:  18 | Time: 139.5s
[Episode  23] Finished | Winner: Black (1) | Moves:  39 | Time: 244.4s
[Episode  49] Finished | Winner: Black (1) | Moves:  23 | Time: 177.9s
[Episode  17] Finished | Winner: White (2) | Moves:  34 | Time: 237.0s
[Episode  30] Finished | Winner: Black (1) | Moves:  25 | Time: 197.2s
[Episode  42] Finished | Winner: Black (1) | Moves:  33 | Time: 211.9s
[Episode  47] Finished | Winner: Black (1) | Moves:  47 | Time: 286.1s
[Episode  35] Finished | Winner: Black (1) | Moves:  19 | Time: 205.6s
[Episode  50] Finished | Winner: White (2) | Moves:  32 | Time: 165.3s
[Episode  24] Finished | Winner: White (2) | Moves:  30 | Time: 199.3s
[Episode  55] Finished | Winner: Black (1) | Moves:  23 | Time: 151.5s
[Episode  12] Finished | Winner: Black (1) | Moves:  49 | Time: 292.5s
[Episode  18] Finished | Winner: Black (1) | Moves:  43 | Time: 277.3s
[Episode  61] Finished | Winner: White (2) | Moves:  32 | Time: 236.1s
[Episode  51] Finished | Winner: Black (1) | Moves:  25 | Time: 216.5s
[Episode  56] Finished | Winner: Black (1) | Moves:  37 | Time: 231.7s
[Episode  48] Finished | Winner: White (2) | Moves:  40 | Time: 328.4s
[Episode  36] Finished | Winner: White (2) | Moves:  50 | Time: 343.0s
[Episode  67] Finished | Winner: Black (1) | Moves:  35 | Time: 293.6s
[Episode  73] Finished | Winner: Black (1) | Moves:  35 | Time: 270.5s
[Episode  62] Finished | Winner: White (2) | Moves:  20 | Time: 160.9s
[Episode  79] Finished | Winner: White (2) | Moves:  26 | Time: 204.9s
[Episode  85] Finished | Winner: Black (1) | Moves:  17 | Time: 125.8s
[Episode  68] Finished | Winner: Black (1) | Moves:  31 | Time: 198.4s
[Episode  86] Finished | Winner: Black (1) | Moves:  21 | Time: 143.7s
[Episode  63] Finished | Winner: White (2) | Moves:  28 | Time: 217.5s
[Episode  52] Finished | Winner: Black (1) | Moves:  49 | Time: 335.6s
[Episode  74] Finished | Winner: Black (1) | Moves:  27 | Time: 245.1s
[Episode  91] Finished | Winner: Black (1) | Moves:  39 | Time: 284.0s
[Episode  80] Finished | Winner: White (2) | Moves:  32 | Time: 241.4s
[Episode  57] Finished | Winner: Black (1) | Moves:  45 | Time: 330.0s
[Episode  69] Finished | Winner: White (2) | Moves:  26 | Time: 167.5s
[Episode  64] Finished | Winner: Black (1) | Moves:  19 | Time: 164.8s
[Episode  75] Finished | Winner: Black (1) | Moves:  27 | Time: 206.3s
[Episode  53] Finished | Winner: White (2) | Moves:  36 | Time: 219.1s
[Episode  87] Finished | Winner: Black (1) | Moves:  33 | Time: 236.1s
[Episode  70] Finished | Winner: Black (1) | Moves:  19 | Time: 136.8s
[Episode  81] Finished | Winner: Black (1) | Moves:  25 | Time: 240.3s
[Episode  92] Finished | Winner: White (2) | Moves:  30 | Time: 249.1s
[Episode  58] Finished | Winner: White (2) | Moves:  36 | Time: 288.9s
[Episode  76] Finished | Winner: White (2) | Moves:  22 | Time: 133.5s
[Episode  88] Finished | Winner: Black (1) | Moves:  17 | Time: 142.5s
[Episode  82] Finished | Winner: Black (1) | Moves:  15 | Time: 112.1s
[Episode  65] Finished | Winner: White (2) | Moves:  38 | Time: 235.0s
[Episode  71] Finished | Winner: Black (1) | Moves:  19 | Time: 169.2s
[Episode  59] Finished | Winner: Black (1) | Moves:  21 | Time: 164.3s
[Episode  93] Finished | Winner: Black (1) | Moves:  23 | Time: 223.7s
[Episode  54] Finished | Winner: Black (1) | Moves:  35 | Time: 308.4s
[Episode  77] Finished | Winner: Black (1) | Moves:  39 | Time: 193.0s
[Episode  66] Finished | Winner: White (2) | Moves:  18 | Time: 169.1s
[Episode  89] Finished | Winner: White (2) | Moves:  28 | Time: 204.6s
[Episode  72] Finished | Winner: Black (1) | Moves:  29 | Time: 203.6s
[Episode  60] Finished | Winner: White (2) | Moves:  18 | Time: 163.7s
[Episode  83] Finished | Winner: Black (1) | Moves:  41 | Time: 330.1s
[Episode  78] Finished | Winner: White (2) | Moves:  30 | Time: 196.5s
[Episode  97] Finished | Winner: Black (1) | Moves:  27 | Time: 221.7s
[Episode  94] Finished | Winner: White (2) | Moves:  32 | Time: 302.0s
[Episode 103] Finished | Winner: White (2) | Moves:  50 | Time: 278.0s
[Episode 109] Finished | Winner: White (2) | Moves:  38 | Time: 250.3s
[Episode  90] Finished | Winner: Black (1) | Moves:  41 | Time: 323.4s
[Episode 121] Finished | Winner: Black (1) | Moves:  23 | Time: 174.0s
[Episode  98] Finished | Winner: Black (1) | Moves:  23 | Time: 192.9s
[Episode 115] Finished | Winner: White (2) | Moves:  48 | Time: 294.3s
[Episode  84] Finished | Winner: Black (1) | Moves:  41 | Time: 260.3s
[Episode 116] Finished | Winner: White (2) | Moves:  18 | Time: 129.0s
[Episode 122] Finished | Winner: White (2) | Moves:  20 | Time: 165.2s
[Episode  95] Finished | Winner: Black (1) | Moves:  47 | Time: 288.3s
[Episode 104] Finished | Winner: White (2) | Moves:  32 | Time: 271.2s
[Episode 127] Finished | Winner: White (2) | Moves:  32 | Time: 216.2s
[Episode  99] Finished | Winner: White (2) | Moves:  30 | Time: 228.0s
[Episode 110] Finished | Winner: White (2) | Moves:  36 | Time: 305.3s
[Episode 133] Finished | Winner: Black (1) | Moves:  35 | Time: 265.8s
[Episode 123] Finished | Winner: White (2) | Moves:  22 | Time: 198.4s
[Episode 117] Finished | Winner: White (2) | Moves:  30 | Time: 233.0s
[Episode 105] Finished | Winner: White (2) | Moves:  30 | Time: 239.6s
[Episode  96] Finished | Winner: White (2) | Moves:  30 | Time: 269.2s
[Episode 128] Finished | Winner: Black (1) | Moves:  39 | Time: 285.8s
[Episode 100] Finished | Winner: Black (1) | Moves:  33 | Time: 241.3s
[Episode 124] Finished | Winner: White (2) | Moves:  28 | Time: 206.1s
[Episode 134] Finished | Winner: White (2) | Moves:  28 | Time: 260.2s
[Episode 111] Finished | Winner: Black (1) | Moves:  43 | Time: 315.1s
[Episode 118] Finished | Winner: White (2) | Moves:  28 | Time: 214.3s
[Episode 101] Finished | Winner: White (2) | Moves:  24 | Time: 170.5s
[Episode 129] Finished | Winner: Black (1) | Moves:  27 | Time: 195.1s
[Episode 125] Finished | Winner: Black (1) | Moves:  27 | Time: 125.6s
[Episode 106] Finished | Winner: Black (1) | Moves:  33 | Time: 274.1s
[Episode 139] Finished | Winner: White (2) | Moves:  36 | Time: 319.1s
[Episode 135] Finished | Winner: Black (1) | Moves:  31 | Time: 252.0s
[Episode 102] Finished | Winner: Black (1) | Moves:  21 | Time: 166.7s
[Episode 112] Finished | Winner: Black (1) | Moves:  29 | Time: 250.2s
[Episode 126] Finished | Winner: Black (1) | Moves:  19 | Time: 153.6s
[Episode 119] Finished | Winner: White (2) | Moves:  30 | Time: 250.4s
[Episode 130] Finished | Winner: White (2) | Moves:  38 | Time: 259.0s
[Episode 140] Finished | Winner: Black (1) | Moves:  21 | Time: 187.0s
[Episode 113] Finished | Winner: Black (1) | Moves:  17 | Time: 145.6s
[Episode 136] Finished | Winner: Black (1) | Moves:  17 | Time: 159.7s
[Episode 107] Finished | Winner: White (2) | Moves:  40 | Time: 289.6s
[Episode 145] Finished | Winner: Black (1) | Moves:  41 | Time: 170.9s
[Episode 151] Finished | Winner: Black (1) | Moves:  21 | Time: 169.9s
[Episode 120] Finished | Winner: Black (1) | Moves:  27 | Time: 199.1s
[Episode 131] Finished | Winner: White (2) | Moves:  14 | Time: 129.8s
[Episode 141] Finished | Winner: White (2) | Moves:  20 | Time: 200.5s
[Episode 152] Finished | Winner: Black (1) | Moves:  23 | Time: 177.9s
[Episode 146] Finished | Winner: White (2) | Moves:  32 | Time: 204.7s
[Episode 114] Finished | Winner: White (2) | Moves:  24 | Time: 231.5s
[Episode 132] Finished | Winner: Black (1) | Moves:  17 | Time: 150.2s
[Episode 157] Finished | Winner: Black (1) | Moves:  25 | Time: 225.4s
[Episode 169] Finished | Winner: Black (1) | Moves:  13 | Time:  82.5s
[Episode 137] Finished | Winner: White (2) | Moves:  46 | Time: 333.3s
[Episode 108] Finished | Winner: Black (1) | Moves:  51 | Time: 340.8s
[Episode 147] Finished | Winner: Black (1) | Moves:  19 | Time: 175.1s
[Episode 170] Finished | Winner: Black (1) | Moves:  19 | Time: 121.1s
[Episode 158] Finished | Winner: Black (1) | Moves:  19 | Time: 152.7s
[Episode 142] Finished | Winner: White (2) | Moves:  34 | Time: 304.4s
[Episode 153] Finished | Winner: White (2) | Moves:  38 | Time: 282.2s
[Episode 163] Finished | Winner: White (2) | Moves:  42 | Time: 285.9s
[Episode 175] Finished | Winner: White (2) | Moves:  24 | Time: 217.5s
[Episode 138] Finished | Winner: White (2) | Moves:  32 | Time: 270.8s
[Episode 159] Finished | Winner: Black (1) | Moves:  35 | Time: 197.9s
[Episode 171] Finished | Winner: Black (1) | Moves:  29 | Time: 209.7s
[Episode 154] Finished | Winner: White (2) | Moves:  18 | Time: 167.3s
[Episode 148] Finished | Winner: White (2) | Moves:  40 | Time: 319.9s
[Episode 164] Finished | Winner: Black (1) | Moves:  43 | Time: 217.3s
[Episode 181] Finished | Winner: Black (1) | Moves:  23 | Time: 150.6s
[Episode 143] Finished | Winner: Black (1) | Moves:  41 | Time: 294.7s
[Episode 176] Finished | Winner: White (2) | Moves:  32 | Time: 235.0s
[Episode 155] Finished | Winner: Black (1) | Moves:  37 | Time: 180.1s
[Episode 165] Finished | Winner: Black (1) | Moves:  17 | Time: 148.7s
[Episode 149] Finished | Winner: Black (1) | Moves:  29 | Time: 199.1s
[Episode 172] Finished | Winner: White (2) | Moves:  48 | Time: 305.5s
[Episode 182] Finished | Winner: White (2) | Moves:  26 | Time: 217.1s
[Episode 160] Finished | Winner: White (2) | Moves:  48 | Time: 336.9s
[Episode 156] Finished | Winner: White (2) | Moves:  20 | Time: 154.7s
[Episode 144] Finished | Winner: Black (1) | Moves:  27 | Time: 271.3s
[Episode 177] Finished | Winner: White (2) | Moves:  44 | Time: 307.4s
[Episode 150] Finished | Winner: White (2) | Moves:  28 | Time: 225.6s
[Episode 166] Finished | Winner: White (2) | Moves:  44 | Time: 320.6s
[Episode 161] Finished | Winner: Black (1) | Moves:  47 | Time: 227.3s
[Episode 173] Finished | Winner: Black (1) | Moves:  37 | Time: 289.6s
[Episode 187] Finished | Winner: Black (1) | Moves:  33 | Time: 251.5s
[Episode 183] Finished | Winner: White (2) | Moves:  34 | Time: 280.2s
[Episode 178] Finished | Winner: White (2) | Moves:  36 | Time: 137.5s
[Episode 162] Finished | Winner: Black (1) | Moves:  25 | Time: 169.8s
[Episode 184] Finished | Winner: Black (1) | Moves:  15 | Time: 131.9s
[Episode 188] Finished | Winner: White (2) | Moves:  28 | Time: 186.8s
[Episode 179] Finished | Winner: Black (1) | Moves:  41 | Time: 186.3s
[Episode 167] Finished | Winner: Black (1) | Moves:  41 | Time: 252.9s
[Episode 174] Finished | Winner: Black (1) | Moves:  39 | Time: 231.6s
[Episode 189] Finished | Winner: Black (1) | Moves:  29 | Time: 162.3s
[Episode 180] Finished | Winner: Black (1) | Moves:  31 | Time: 179.0s
[Episode 185] Finished | Winner: Black (1) | Moves:  39 | Time: 261.6s
[Episode 168] Finished | Winner: Black (1) | Moves:  49 | Time: 270.6s
[Episode 190] Finished | Winner: White (2) | Moves:  36 | Time: 206.6s
[Episode 186] Finished | Winner: Black (1) | Moves:  41 | Time: 237.3s
----------------------------------------------------------------------
Complete! | Black Wins: 102 | White Wins: 88 | Draws: 0
--- Training Stage (Data 1 -> Model 2) ---
Loaded 5850 training samples.
Train: 5265, Val: 585
Using device: cuda
Resuming from existing checkpoint.
Epoch 1/200 | Step 42 | Val P-Loss: 1.9224 | LR: 0.001000
Epoch 10/200 | Step 420 | Val P-Loss: 1.5199 | LR: 0.000994
Epoch 20/200 | Step 840 | Val P-Loss: 1.4690 | LR: 0.000976
Epoch 30/200 | Step 1260 | Val P-Loss: 1.5146 | LR: 0.000946
Epoch 40/200 | Step 1680 | Val P-Loss: 1.4585 | LR: 0.000905
Epoch 50/200 | Step 2100 | Val P-Loss: 1.4815 | LR: 0.000855
Epoch 60/200 | Step 2520 | Val P-Loss: 1.4468 | LR: 0.000796
Epoch 70/200 | Step 2940 | Val P-Loss: 1.5043 | LR: 0.000730
Epoch 80/200 | Step 3360 | Val P-Loss: 1.5279 | LR: 0.000658
Epoch 90/200 | Step 3780 | Val P-Loss: 1.5360 | LR: 0.000582
Epoch 100/200 | Step 4200 | Val P-Loss: 1.5398 | LR: 0.000505
Epoch 110/200 | Step 4620 | Val P-Loss: 1.5481 | LR: 0.000428
Epoch 120/200 | Step 5040 | Val P-Loss: 1.5368 | LR: 0.000352
Epoch 130/200 | Step 5460 | Val P-Loss: 1.5601 | LR: 0.000280
Epoch 140/200 | Step 5880 | Val P-Loss: 1.5888 | LR: 0.000214
Epoch 150/200 | Step 6300 | Val P-Loss: 1.6007 | LR: 0.000155
Epoch 160/200 | Step 6720 | Val P-Loss: 1.6039 | LR: 0.000105
Epoch 170/200 | Step 7140 | Val P-Loss: 1.6239 | LR: 0.000064
Epoch 180/200 | Step 7560 | Val P-Loss: 1.6228 | LR: 0.000034
Epoch 190/200 | Step 7980 | Val P-Loss: 1.6200 | LR: 0.000016
Epoch 200/200 | Step 8400 | Val P-Loss: 1.6199 | LR: 0.000010
Model saved to checkpoint/gomoku_policy_value_net_2.pth
--- Evaluation Stage (Model 2) ---
============================================================
EVALUATION: Model 2 vs Model 1
Settings: 50 games, MCTS iters=400, Workers=8
============================================================
[Game  11] Winner: M2      | Model_2 was Black | Time:  24.1s
[Game   9] Winner: M2      | Model_2 was Black | Time:  27.3s
[Game   7] Winner: M2      | Model_2 was Black | Time:  49.3s
[Game   1] Winner: M2      | Model_2 was Black | Time:  54.8s
[Game  10] Winner: M2      | Model_2 was White | Time:  34.2s
[Game   3] Winner: M2      | Model_2 was Black | Time:  61.8s
[Game  13] Winner: M1      | Model_2 was Black | Time:  62.1s
[Game  12] Winner: M2      | Model_2 was White | Time:  42.9s
[Game  15] Winner: M1      | Model_2 was Black | Time:  70.4s
[Game   8] Winner: M2      | Model_2 was White | Time:  26.7s
[Game  17] Winner: M2      | Model_2 was Black | Time:  30.0s
[Game  14] Winner: M2      | Model_2 was White | Time:  35.9s
[Game   2] Winner: M2      | Model_2 was White | Time:  43.9s
[Game   4] Winner: M2      | Model_2 was White | Time:  38.8s
[Game  19] Winner: M2      | Model_2 was Black | Time:  34.8s
[Game   5] Winner: Draw    | Model_2 was Black | Time: 109.9s
[Game  16] Winner: M2      | Model_2 was White | Time:  42.7s
[Game  18] Winner: M2      | Model_2 was White | Time:  36.2s
[Game  20] Winner: M2      | Model_2 was White | Time:  32.0s
[Game  27] Winner: M2      | Model_2 was Black | Time:  34.8s
[Game  21] Winner: M2      | Model_2 was Black | Time:  64.1s
[Game  25] Winner: M2      | Model_2 was Black | Time:  50.3s
[Game  29] Winner: M2      | Model_2 was Black | Time:  39.9s
[Game  26] Winner: M1      | Model_2 was White | Time:  15.1s
[Game  31] Winner: M1      | Model_2 was Black | Time:  37.4s
[Game  30] Winner: M1      | Model_2 was White | Time:  14.6s
[Game  22] Winner: M2      | Model_2 was White | Time:  29.1s
[Game  23] Winner: M1      | Model_2 was Black | Time:  71.2s
[Game  33] Winner: M2      | Model_2 was Black | Time:  40.6s
[Game   6] Winner: M1      | Model_2 was White | Time:  68.1s
[Game  28] Winner: M1      | Model_2 was White | Time:  48.8s
[Game  39] Winner: M2      | Model_2 was Black | Time:  19.4s
[Game  24] Winner: M2      | Model_2 was White | Time:  24.3s
[Game  34] Winner: M1      | Model_2 was White | Time:  39.3s
[Game  32] Winner: M2      | Model_2 was White | Time:  54.2s
[Game  37] Winner: M2      | Model_2 was Black | Time:  56.0s
[Game  35] Winner: M2      | Model_2 was Black | Time:  60.4s
[Game  41] Winner: M1      | Model_2 was Black | Time:  48.2s
[Game  47] Winner: M2      | Model_2 was Black | Time:  13.6s
[Game  40] Winner: M1      | Model_2 was White | Time:  46.7s
[Game  43] Winner: M2      | Model_2 was Black | Time:  57.8s
[Game  45] Winner: M2      | Model_2 was Black | Time:  48.4s
[Game  49] Winner: M2      | Model_2 was Black | Time:  23.9s
[Game  36] Winner: M2      | Model_2 was White | Time:  25.6s
[Game  42] Winner: M2      | Model_2 was White | Time:  27.9s
[Game  50] Winner: M1      | Model_2 was White | Time:  13.5s
[Game  48] Winner: M2      | Model_2 was White | Time:  38.5s
[Game  38] Winner: M2      | Model_2 was White | Time:  42.9s
[Game  46] Winner: M2      | Model_2 was White | Time:  33.1s
[Game  44] Winner: M2      | Model_2 was White | Time:  58.5s
============================================================
Evaluation Finished!
Model 2 Wins: 37
Model 1 Wins: 12
Draws: 1
Model 2 Win Rate: 74.00%
============================================================
Model 2 vs Model 1 Win Rate: 0.74

==================== Starting Pipeline Iteration 2/10 ====================
--- Self-Play Stage (Model 2 -> Data 2) ---
=== Multi-process Self-Play Start ===
Workers: 8 | Total Episodes: 180 | MCTS Iters: 1800
----------------------------------------------------------------------
[Episode   1] Finished | Winner: White (2) | Moves:  10 | Time:  89.8s
[Episode  25] Finished | Winner: White (2) | Moves:  12 | Time:  97.4s
[Episode  43] Finished | Winner: Black (1) | Moves:  15 | Time: 112.0s
[Episode  37] Finished | Winner: White (2) | Moves:  22 | Time: 149.8s
[Episode  13] Finished | Winner: White (2) | Moves:  22 | Time: 160.0s
[Episode  19] Finished | Winner: Black (1) | Moves:  23 | Time: 195.1s
[Episode   7] Finished | Winner: Black (1) | Moves:  31 | Time: 240.9s
[Episode   2] Finished | Winner: Black (1) | Moves:  21 | Time: 168.9s
[Episode  31] Finished | Winner: Black (1) | Moves:  47 | Time: 266.1s
[Episode  44] Finished | Winner: White (2) | Moves:  24 | Time: 174.1s
[Episode   8] Finished | Winner: White (2) | Moves:  10 | Time:  72.0s
[Episode  26] Finished | Winner: Black (1) | Moves:  27 | Time: 217.6s
[Episode  38] Finished | Winner: White (2) | Moves:  18 | Time: 188.2s
[Episode  32] Finished | Winner: Black (1) | Moves:  15 | Time: 129.7s
[Episode  20] Finished | Winner: White (2) | Moves:  32 | Time: 217.7s
[Episode  14] Finished | Winner: Black (1) | Moves:  37 | Time: 261.9s
[Episode   9] Finished | Winner: Black (1) | Moves:  19 | Time: 147.5s
[Episode   3] Finished | Winner: Black (1) | Moves:  35 | Time: 243.9s
[Episode  45] Finished | Winner: White (2) | Moves:  26 | Time: 217.1s
[Episode  33] Finished | Winner: Black (1) | Moves:  17 | Time: 144.7s
[Episode  39] Finished | Winner: Black (1) | Moves:  19 | Time: 207.4s
[Episode  27] Finished | Winner: Black (1) | Moves:  29 | Time: 239.2s
